<?xml version="1.0" encoding="UTF-8"?>
<!-- Generated by org.testng.reporters.JUnitReportReporter -->
<testsuite skipped="0" hostname="MOHAMMEDALA17B0" name="com.card.Deck.Disney" tests="1" failures="0" timestamp="05 Jul 2018 18:58:26 GMT" time="27.933" errors="0">
  <testcase name="DisneyWorldClass" time="27.933" classname="com.card.Deck.Disney"/>
</testsuite> <!-- com.card.Deck.Disney -->
