<?xml version="1.0" encoding="UTF-8"?>
<!-- Generated by org.testng.reporters.JUnitReportReporter -->
<testsuite skipped="0" hostname="MOHAMMEDALA17B0" name="testNGclass.Certificate" tests="1" failures="0" timestamp="04 Jul 2018 20:43:04 GMT" time="14.313" errors="0">
  <testcase name="CokisOf" time="14.313" classname="testNGclass.Certificate"/>
</testsuite> <!-- testNGclass.Certificate -->
